<?xml version="1.0" encoding="utf-8"?>
<TestRun id="49bec0f5-9542-464f-8be4-c03bf6578263" name="Imran@IMRANAHSAN 2024-04-26 19:43:32" runUser="IMRANAHSAN\Imran" xmlns="http://microsoft.com/schemas/VisualStudio/TeamTest/2010">
  <Times creation="2024-04-26T19:43:32.1984762+05:00" queuing="2024-04-26T19:43:32.1984762+05:00" start="2024-04-26T19:43:17.2721948+05:00" finish="2024-04-26T19:45:57.8627038+05:00" />
  <TestSettings name="default" id="0e5b87f0-a088-45ff-a24c-dab9f1f53fab">
    <Deployment runDeploymentRoot="Imran_IMRANAHSAN_2024-04-26_19_43_32" />
  </TestSettings>
  <Results>
    <UnitTestResult executionId="381be22a-fc18-48e8-bb89-2bbe21a6d133" testId="4c75769c-18e1-6d18-8322-fbdf1a5d6552" testName="reportin3 (Data Row 0)" computerName="IMRANAHSAN" duration="00:00:58.6332963" startTime="2024-04-26T19:43:59.1970321+05:00" endTime="2024-04-26T19:44:57.8326698+05:00" testType="13cdc9d9-ddb5-4fa4-a97d-d965ccfc6d4b" outcome="Failed" testListId="8c84fa94-04c1-424b-9868-57a2d4851a1d" relativeResultsDirectory="381be22a-fc18-48e8-bb89-2bbe21a6d133">
      <Output>
        <ErrorInfo>
          <Message>Test method UIUXSECOND.ReportTC.reportin3 threw exception: &#xD;
OpenQA.Selenium.ElementNotInteractableException: element not interactable
  (Session info: chrome=124.0.6367.92)</Message>
          <StackTrace>    at OpenQA.Selenium.WebDriver.UnpackAndThrowOnError(Response errorResponse, String commandToExecute)&#xD;
   at OpenQA.Selenium.WebDriver.Execute(String driverCommandToExecute, Dictionary`2 parameters)&#xD;
   at OpenQA.Selenium.WebElement.Execute(String commandToExecute, Dictionary`2 parameters)&#xD;
   at UIUXSECOND.BasePage.cle(By by) in C:\Users\Imran\source\repos\UIUXSECOND\UIUXSECOND\BasePage.cs:line 142&#xD;
   at UIUXSECOND.ReportPage.reportp() in C:\Users\Imran\source\repos\UIUXSECOND\UIUXSECOND\UIUX Project\Reeport\ReportPage.cs:line 57&#xD;
   at UIUXSECOND.ReportTC.reportin3() in C:\Users\Imran\source\repos\UIUXSECOND\UIUXSECOND\UIUX Project\Reeport\ReportTC.cs:line 105&#xD;
</StackTrace>
        </ErrorInfo>
      </Output>
    </UnitTestResult>
    <UnitTestResult executionId="9b8720ea-b872-49fe-b637-652ec7a4f350" testId="9f749d8a-f6a0-0164-0888-c5894a88447d" testName="TestMethod1" computerName="IMRANAHSAN" duration="00:00:00.0000717" startTime="2024-04-26T19:45:52.9549636+05:00" endTime="2024-04-26T19:45:52.9549636+05:00" testType="13cdc9d9-ddb5-4fa4-a97d-d965ccfc6d4b" outcome="Passed" testListId="8c84fa94-04c1-424b-9868-57a2d4851a1d" relativeResultsDirectory="9b8720ea-b872-49fe-b637-652ec7a4f350" />
    <UnitTestResult executionId="83895a68-3d5f-4d3f-8586-003581eb7a87" testId="d854f26b-aa3d-f60c-da6a-ad53b4c27762" testName="Settingtcc (Data Row 0)" computerName="IMRANAHSAN" duration="00:00:55.1214812" startTime="2024-04-26T19:44:57.8326698+05:00" endTime="2024-04-26T19:45:52.9549636+05:00" testType="13cdc9d9-ddb5-4fa4-a97d-d965ccfc6d4b" outcome="Failed" testListId="8c84fa94-04c1-424b-9868-57a2d4851a1d" relativeResultsDirectory="83895a68-3d5f-4d3f-8586-003581eb7a87">
      <Output>
        <ErrorInfo>
          <Message>Test method UIUXSECOND.SettingTC.Settingtcc threw exception: &#xD;
OpenQA.Selenium.WebDriverTimeoutException: Timed out after 40 seconds ---&gt; OpenQA.Selenium.NoSuchElementException: no such element: Unable to locate element: {"method":"xpath","selector":"//span[text()='User Management']"}
  (Session info: chrome=124.0.6367.92); For documentation on this error, please visit: https://www.selenium.dev/documentation/webdriver/troubleshooting/errors#no-such-element-exception</Message>
          <StackTrace>    at OpenQA.Selenium.WebDriver.UnpackAndThrowOnError(Response errorResponse, String commandToExecute)&#xD;
   at OpenQA.Selenium.WebDriver.Execute(String driverCommandToExecute, Dictionary`2 parameters)&#xD;
   at OpenQA.Selenium.WebDriver.FindElement(String mechanism, String value)&#xD;
   at UIUXSECOND.BasePage.&lt;&gt;c__DisplayClass12_0.&lt;WaitForElement&gt;b__0(IWebDriver driver) in C:\Users\Imran\source\repos\UIUXSECOND\UIUXSECOND\BasePage.cs:line 217&#xD;
   at OpenQA.Selenium.Support.UI.DefaultWait`1.Until[TResult](Func`2 condition, CancellationToken token)&#xD;
--- End of inner exception stack trace ---&#xD;
    at OpenQA.Selenium.Support.UI.DefaultWait`1.ThrowTimeoutException(String exceptionMessage, Exception lastException)&#xD;
   at OpenQA.Selenium.Support.UI.DefaultWait`1.Until[TResult](Func`2 condition, CancellationToken token)&#xD;
   at OpenQA.Selenium.Support.UI.DefaultWait`1.Until[TResult](Func`2 condition)&#xD;
   at UIUXSECOND.BasePage.WaitForElement(By by) in C:\Users\Imran\source\repos\UIUXSECOND\UIUXSECOND\BasePage.cs:line 215&#xD;
   at UIUXSECOND.SetingPage.Settingp() in C:\Users\Imran\source\repos\UIUXSECOND\UIUXSECOND\UIUX Project\Settings\SettingPage.cs:line 39&#xD;
   at UIUXSECOND.SettingTC.Settingtcc() in C:\Users\Imran\source\repos\UIUXSECOND\UIUXSECOND\UIUX Project\Settings\SettingTC.cs:line 64&#xD;
</StackTrace>
        </ErrorInfo>
      </Output>
    </UnitTestResult>
    <UnitTestResult executionId="56864c40-39bc-4742-acb7-8a639a9d3abb" testId="964edce2-0bea-8622-4409-7b21a022c8f6" testName="login3 (Data Row 0)" computerName="IMRANAHSAN" duration="00:00:13.8027083" startTime="2024-04-26T19:43:17.9380737+05:00" endTime="2024-04-26T19:43:32.1844369+05:00" testType="13cdc9d9-ddb5-4fa4-a97d-d965ccfc6d4b" outcome="Passed" testListId="8c84fa94-04c1-424b-9868-57a2d4851a1d" relativeResultsDirectory="56864c40-39bc-4742-acb7-8a639a9d3abb" />
    <UnitTestResult executionId="f7fee86d-37d9-40e1-91c4-7bae57dd2fc0" testId="d4600ac9-842d-3d52-35d3-b12022929d2b" testName="onboardtc (Data Row 0)" computerName="IMRANAHSAN" duration="00:00:26.9996572" startTime="2024-04-26T19:43:32.1965743+05:00" endTime="2024-04-26T19:43:59.1970321+05:00" testType="13cdc9d9-ddb5-4fa4-a97d-d965ccfc6d4b" outcome="Failed" testListId="8c84fa94-04c1-424b-9868-57a2d4851a1d" relativeResultsDirectory="f7fee86d-37d9-40e1-91c4-7bae57dd2fc0">
      <Output>
        <ErrorInfo>
          <Message>Test method UIUXSECOND.OnboardTC.onboardtc threw exception: &#xD;
OpenQA.Selenium.NoSuchElementException: no such element: Unable to locate element: {"method":"xpath","selector":"//select[@id='primaryCategoryId']/option[7]"}
  (Session info: chrome=124.0.6367.92); For documentation on this error, please visit: https://www.selenium.dev/documentation/webdriver/troubleshooting/errors#no-such-element-exception</Message>
          <StackTrace>    at OpenQA.Selenium.WebDriver.UnpackAndThrowOnError(Response errorResponse, String commandToExecute)&#xD;
   at OpenQA.Selenium.WebDriver.Execute(String driverCommandToExecute, Dictionary`2 parameters)&#xD;
   at OpenQA.Selenium.WebDriver.FindElement(String mechanism, String value)&#xD;
   at UIUXSECOND.BasePage.cle(By by) in C:\Users\Imran\source\repos\UIUXSECOND\UIUXSECOND\BasePage.cs:line 142&#xD;
   at UIUXSECOND.OnboardPage.onboardp() in C:\Users\Imran\source\repos\UIUXSECOND\UIUXSECOND\UIUX Project\Onboarding\OnboardPage.cs:line 58&#xD;
   at UIUXSECOND.OnboardTC.onboardtc() in C:\Users\Imran\source\repos\UIUXSECOND\UIUXSECOND\UIUX Project\Onboarding\OnboardTC.cs:line 69&#xD;
</StackTrace>
        </ErrorInfo>
      </Output>
    </UnitTestResult>
  </Results>
  <TestDefinitions>
    <UnitTest name="Settingtcc" storage="c:\users\imran\source\repos\uiuxsecond\uiuxsecond\bin\debug\uiuxsecond.dll" id="d854f26b-aa3d-f60c-da6a-ad53b4c27762">
      <Execution id="83895a68-3d5f-4d3f-8586-003581eb7a87" />
      <TestMethod codeBase="C:\Users\Imran\source\repos\UIUXSECOND\UIUXSECOND\bin\Debug\UIUXSECOND.dll" adapterTypeName="executor://mstestadapter/v2" className="UIUXSECOND.SettingTC" name="Settingtcc" />
    </UnitTest>
    <UnitTest name="login3" storage="c:\users\imran\source\repos\uiuxsecond\uiuxsecond\bin\debug\uiuxsecond.dll" id="964edce2-0bea-8622-4409-7b21a022c8f6">
      <Execution id="56864c40-39bc-4742-acb7-8a639a9d3abb" />
      <TestMethod codeBase="C:\Users\Imran\source\repos\UIUXSECOND\UIUXSECOND\bin\Debug\UIUXSECOND.dll" adapterTypeName="executor://mstestadapter/v2" className="UIUXSECOND.LoginTC" name="login3" />
    </UnitTest>
    <UnitTest name="TestMethod1" storage="c:\users\imran\source\repos\uiuxsecond\uiuxsecond\bin\debug\uiuxsecond.dll" id="9f749d8a-f6a0-0164-0888-c5894a88447d">
      <Execution id="9b8720ea-b872-49fe-b637-652ec7a4f350" />
      <TestMethod codeBase="C:\Users\Imran\source\repos\UIUXSECOND\UIUXSECOND\bin\Debug\UIUXSECOND.dll" adapterTypeName="executor://mstestadapter/v2" className="UIUXSECOND.UnitTest1" name="TestMethod1" />
    </UnitTest>
    <UnitTest name="reportin3" storage="c:\users\imran\source\repos\uiuxsecond\uiuxsecond\bin\debug\uiuxsecond.dll" id="4c75769c-18e1-6d18-8322-fbdf1a5d6552">
      <Execution id="381be22a-fc18-48e8-bb89-2bbe21a6d133" />
      <TestMethod codeBase="C:\Users\Imran\source\repos\UIUXSECOND\UIUXSECOND\bin\Debug\UIUXSECOND.dll" adapterTypeName="executor://mstestadapter/v2" className="UIUXSECOND.ReportTC" name="reportin3" />
    </UnitTest>
    <UnitTest name="onboardtc" storage="c:\users\imran\source\repos\uiuxsecond\uiuxsecond\bin\debug\uiuxsecond.dll" id="d4600ac9-842d-3d52-35d3-b12022929d2b">
      <Execution id="f7fee86d-37d9-40e1-91c4-7bae57dd2fc0" />
      <TestMethod codeBase="C:\Users\Imran\source\repos\UIUXSECOND\UIUXSECOND\bin\Debug\UIUXSECOND.dll" adapterTypeName="executor://mstestadapter/v2" className="UIUXSECOND.OnboardTC" name="onboardtc" />
    </UnitTest>
  </TestDefinitions>
  <TestEntries>
    <TestEntry testId="4c75769c-18e1-6d18-8322-fbdf1a5d6552" executionId="381be22a-fc18-48e8-bb89-2bbe21a6d133" testListId="8c84fa94-04c1-424b-9868-57a2d4851a1d" />
    <TestEntry testId="9f749d8a-f6a0-0164-0888-c5894a88447d" executionId="9b8720ea-b872-49fe-b637-652ec7a4f350" testListId="8c84fa94-04c1-424b-9868-57a2d4851a1d" />
    <TestEntry testId="d854f26b-aa3d-f60c-da6a-ad53b4c27762" executionId="83895a68-3d5f-4d3f-8586-003581eb7a87" testListId="8c84fa94-04c1-424b-9868-57a2d4851a1d" />
    <TestEntry testId="964edce2-0bea-8622-4409-7b21a022c8f6" executionId="56864c40-39bc-4742-acb7-8a639a9d3abb" testListId="8c84fa94-04c1-424b-9868-57a2d4851a1d" />
    <TestEntry testId="d4600ac9-842d-3d52-35d3-b12022929d2b" executionId="f7fee86d-37d9-40e1-91c4-7bae57dd2fc0" testListId="8c84fa94-04c1-424b-9868-57a2d4851a1d" />
  </TestEntries>
  <TestLists>
    <TestList name="Results Not in a List" id="8c84fa94-04c1-424b-9868-57a2d4851a1d" />
    <TestList name="All Loaded Results" id="19431567-8539-422a-85d7-44ee4e166bda" />
  </TestLists>
  <ResultSummary outcome="Failed">
    <Counters total="5" executed="5" passed="2" failed="3" error="0" timeout="0" aborted="0" inconclusive="0" passedButRunAborted="0" notRunnable="0" notExecuted="0" disconnected="0" warning="0" completed="0" inProgress="0" pending="0" />
  </ResultSummary>
</TestRun>