<?xml version="1.0" encoding="utf-8"?>
<TestRun id="fd6d527d-74b0-4ee4-aa15-3ed876f2f144" name="ImranAhsan@LAPTOP-IMRAN 2023-03-09 16:37:14" runUser="LAPTOP-IMRAN\ImranAhsan" xmlns="http://microsoft.com/schemas/VisualStudio/TeamTest/2010">
  <Times creation="2023-03-09T16:37:14.2666517+05:00" queuing="2023-03-09T16:37:14.2666517+05:00" start="2023-03-09T16:36:58.3841577+05:00" finish="2023-03-09T16:37:37.0731600+05:00" />
  <TestSettings name="default" id="c1b79021-8e9c-454c-b7e1-845a1ca4e36c">
    <Deployment runDeploymentRoot="ImranAhsan_LAPTOP-IMRAN_2023-03-09_16_37_14" />
  </TestSettings>
  <Results>
    <UnitTestResult executionId="5a0f7d4b-f75a-4f60-a2a0-5e2886d380a7" testId="751b0a4a-4db7-4ef4-a0a8-de6373450f22" testName="TestMethod1" computerName="LAPTOP-IMRAN" duration="00:00:00.0003980" startTime="2023-03-09T16:37:36.9539907+05:00" endTime="2023-03-09T16:37:36.9550030+05:00" testType="13cdc9d9-ddb5-4fa4-a97d-d965ccfc6d4b" outcome="Passed" testListId="8c84fa94-04c1-424b-9868-57a2d4851a1d" relativeResultsDirectory="5a0f7d4b-f75a-4f60-a2a0-5e2886d380a7" />
    <UnitTestResult executionId="065af464-9f21-45a9-a6e4-db7a500c8963" testId="a3404731-e0d8-456d-a227-25381f5d0d60" testName="onboardtc (Data Row 0)" computerName="LAPTOP-IMRAN" duration="00:00:11.2625840" startTime="2023-03-09T16:37:14.2301654+05:00" endTime="2023-03-09T16:37:25.4950095+05:00" testType="13cdc9d9-ddb5-4fa4-a97d-d965ccfc6d4b" outcome="Failed" testListId="8c84fa94-04c1-424b-9868-57a2d4851a1d" relativeResultsDirectory="065af464-9f21-45a9-a6e4-db7a500c8963">
      <Output>
        <ErrorInfo>
          <Message>Initialization method UIUXSECOND.OnboardTC.TestInit threw exception. OpenQA.Selenium.WebDriverException: unknown error: net::ERR_NAME_NOT_RESOLVED
  (Session info: chrome=110.0.5481.178).</Message>
          <StackTrace>    at OpenQA.Selenium.WebDriver.UnpackAndThrowOnError(Response errorResponse, String commandToExecute)&#xD;
   at OpenQA.Selenium.WebDriver.Execute(String driverCommandToExecute, Dictionary`2 parameters)&#xD;
   at OpenQA.Selenium.WebDriver.set_Url(String value)&#xD;
   at UIUXSECOND.BasePage.browserinitialization() in C:\Users\ImranAhsan\source\repos\UIUXSECOND\UIUXSECOND\BasePage.cs:line 29&#xD;
   at UIUXSECOND.OnboardTC.TestInit() in C:\Users\ImranAhsan\source\repos\UIUXSECOND\UIUXSECOND\Pom\Onboarding\OnboardTC.cs:line 26&#xD;
</StackTrace>
        </ErrorInfo>
      </Output>
    </UnitTestResult>
    <UnitTestResult executionId="fca0f1d5-c288-49b7-9406-4d94eb0ef948" testId="e19867db-f61a-4caf-8449-76f1480b31aa" testName="reportin3 (Data Row 0)" computerName="LAPTOP-IMRAN" duration="00:00:11.4521781" startTime="2023-03-09T16:37:25.4960061+05:00" endTime="2023-03-09T16:37:36.9539907+05:00" testType="13cdc9d9-ddb5-4fa4-a97d-d965ccfc6d4b" outcome="Failed" testListId="8c84fa94-04c1-424b-9868-57a2d4851a1d" relativeResultsDirectory="fca0f1d5-c288-49b7-9406-4d94eb0ef948">
      <Output>
        <ErrorInfo>
          <Message>Initialization method UIUXSECOND.ReportTC.TestInit threw exception. OpenQA.Selenium.WebDriverException: unknown error: net::ERR_NAME_NOT_RESOLVED
  (Session info: chrome=110.0.5481.178).</Message>
          <StackTrace>    at OpenQA.Selenium.WebDriver.UnpackAndThrowOnError(Response errorResponse, String commandToExecute)&#xD;
   at OpenQA.Selenium.WebDriver.Execute(String driverCommandToExecute, Dictionary`2 parameters)&#xD;
   at OpenQA.Selenium.WebDriver.set_Url(String value)&#xD;
   at UIUXSECOND.BasePage.browserinitialization() in C:\Users\ImranAhsan\source\repos\UIUXSECOND\UIUXSECOND\BasePage.cs:line 29&#xD;
   at UIUXSECOND.ReportTC.TestInit() in C:\Users\ImranAhsan\source\repos\UIUXSECOND\UIUXSECOND\Pom\Reeport\ReportTC.cs:line 50&#xD;
</StackTrace>
        </ErrorInfo>
      </Output>
    </UnitTestResult>
    <UnitTestResult executionId="b70b0036-9d62-4fc1-bdd9-70cd035102bf" testId="c4738fec-b3d1-4a1e-8dbb-9fee92722361" testName="login3 (Data Row 0)" computerName="LAPTOP-IMRAN" duration="00:00:12.1602409" startTime="2023-03-09T16:37:00.9369107+05:00" endTime="2023-03-09T16:37:14.2072650+05:00" testType="13cdc9d9-ddb5-4fa4-a97d-d965ccfc6d4b" outcome="Failed" testListId="8c84fa94-04c1-424b-9868-57a2d4851a1d" relativeResultsDirectory="b70b0036-9d62-4fc1-bdd9-70cd035102bf">
      <Output>
        <ErrorInfo>
          <Message>Initialization method UIUXSECOND.LoginTC.TestInit threw exception. OpenQA.Selenium.WebDriverException: unknown error: net::ERR_NAME_NOT_RESOLVED
  (Session info: chrome=110.0.5481.178).</Message>
          <StackTrace>    at OpenQA.Selenium.WebDriver.UnpackAndThrowOnError(Response errorResponse, String commandToExecute)&#xD;
   at OpenQA.Selenium.WebDriver.Execute(String driverCommandToExecute, Dictionary`2 parameters)&#xD;
   at OpenQA.Selenium.WebDriver.set_Url(String value)&#xD;
   at UIUXSECOND.BasePage.browserinitialization() in C:\Users\ImranAhsan\source\repos\UIUXSECOND\UIUXSECOND\BasePage.cs:line 29&#xD;
   at UIUXSECOND.LoginTC.TestInit() in C:\Users\ImranAhsan\source\repos\UIUXSECOND\UIUXSECOND\Pom\Login\LoginTC.cs:line 28&#xD;
</StackTrace>
        </ErrorInfo>
      </Output>
    </UnitTestResult>
  </Results>
  <TestDefinitions>
    <UnitTest name="TestMethod1" storage="c:\users\imranahsan\source\repos\uiuxsecond\uiuxsecond\bin\debug\uiuxsecond.dll" id="751b0a4a-4db7-4ef4-a0a8-de6373450f22">
      <Execution id="5a0f7d4b-f75a-4f60-a2a0-5e2886d380a7" />
      <TestMethod codeBase="C:\Users\ImranAhsan\source\repos\UIUXSECOND\UIUXSECOND\bin\Debug\UIUXSECOND.dll" adapterTypeName="executor://mstestadapter/v2" className="UIUXSECOND.UnitTest1" name="TestMethod1" />
    </UnitTest>
    <UnitTest name="reportin3 (Data Row 0)" storage="c:\users\imranahsan\source\repos\uiuxsecond\uiuxsecond\bin\debug\uiuxsecond.dll" id="e19867db-f61a-4caf-8449-76f1480b31aa">
      <Execution id="fca0f1d5-c288-49b7-9406-4d94eb0ef948" />
      <TestMethod codeBase="C:\Users\ImranAhsan\source\repos\UIUXSECOND\UIUXSECOND\bin\Debug\UIUXSECOND.dll" adapterTypeName="executor://mstestadapter/v2" className="UIUXSECOND.ReportTC" name="reportin3" />
    </UnitTest>
    <UnitTest name="login3 (Data Row 0)" storage="c:\users\imranahsan\source\repos\uiuxsecond\uiuxsecond\bin\debug\uiuxsecond.dll" id="c4738fec-b3d1-4a1e-8dbb-9fee92722361">
      <Execution id="b70b0036-9d62-4fc1-bdd9-70cd035102bf" />
      <TestMethod codeBase="C:\Users\ImranAhsan\source\repos\UIUXSECOND\UIUXSECOND\bin\Debug\UIUXSECOND.dll" adapterTypeName="executor://mstestadapter/v2" className="UIUXSECOND.LoginTC" name="login3" />
    </UnitTest>
    <UnitTest name="onboardtc (Data Row 0)" storage="c:\users\imranahsan\source\repos\uiuxsecond\uiuxsecond\bin\debug\uiuxsecond.dll" id="a3404731-e0d8-456d-a227-25381f5d0d60">
      <Execution id="065af464-9f21-45a9-a6e4-db7a500c8963" />
      <TestMethod codeBase="C:\Users\ImranAhsan\source\repos\UIUXSECOND\UIUXSECOND\bin\Debug\UIUXSECOND.dll" adapterTypeName="executor://mstestadapter/v2" className="UIUXSECOND.OnboardTC" name="onboardtc" />
    </UnitTest>
  </TestDefinitions>
  <TestEntries>
    <TestEntry testId="751b0a4a-4db7-4ef4-a0a8-de6373450f22" executionId="5a0f7d4b-f75a-4f60-a2a0-5e2886d380a7" testListId="8c84fa94-04c1-424b-9868-57a2d4851a1d" />
    <TestEntry testId="a3404731-e0d8-456d-a227-25381f5d0d60" executionId="065af464-9f21-45a9-a6e4-db7a500c8963" testListId="8c84fa94-04c1-424b-9868-57a2d4851a1d" />
    <TestEntry testId="e19867db-f61a-4caf-8449-76f1480b31aa" executionId="fca0f1d5-c288-49b7-9406-4d94eb0ef948" testListId="8c84fa94-04c1-424b-9868-57a2d4851a1d" />
    <TestEntry testId="c4738fec-b3d1-4a1e-8dbb-9fee92722361" executionId="b70b0036-9d62-4fc1-bdd9-70cd035102bf" testListId="8c84fa94-04c1-424b-9868-57a2d4851a1d" />
  </TestEntries>
  <TestLists>
    <TestList name="Results Not in a List" id="8c84fa94-04c1-424b-9868-57a2d4851a1d" />
    <TestList name="All Loaded Results" id="19431567-8539-422a-85d7-44ee4e166bda" />
  </TestLists>
  <ResultSummary outcome="Failed">
    <Counters total="4" executed="4" passed="1" failed="3" error="0" timeout="0" aborted="0" inconclusive="0" passedButRunAborted="0" notRunnable="0" notExecuted="0" disconnected="0" warning="0" completed="0" inProgress="0" pending="0" />
  </ResultSummary>
</TestRun>